{"C:\\Users\\eduardo.wundervald\\Desktop\\Udemy e Alura\\Cursos Alura\\2495_node_testes-aula-4-pre\\src\\db\\dbconfig.js": {"path":"C:\\Users\\eduardo.wundervald\\Desktop\\Udemy e Alura\\Cursos Alura\\2495_node_testes-aula-4-pre\\src\\db\\dbconfig.js","statementMap":{"0":{"start":{"line":5,"column":19},"end":{"line":5,"column":49}},"1":{"start":{"line":6,"column":18},"end":{"line":6,"column":42}},"2":{"start":{"line":8,"column":11},"end":{"line":14,"column":2}}},"fnMap":{},"branchMap":{},"s":{"0":1,"1":1,"2":1},"f":{},"b":{},"_coverageSchema":"1a1c01bbd47fc00a2c39e90264f33305004495a9","hash":"4760ae5a6d6030e8099237d74e411932ab5dfd51"}
,"C:\\Users\\eduardo.wundervald\\Desktop\\Udemy e Alura\\Cursos Alura\\2495_node_testes-aula-4-pre\\src\\models\\editora.js": {"path":"C:\\Users\\eduardo.wundervald\\Desktop\\Udemy e Alura\\Cursos Alura\\2495_node_testes-aula-4-pre\\src\\models\\editora.js","statementMap":{"0":{"start":{"line":14,"column":4},"end":{"line":14,"column":25}},"1":{"start":{"line":15,"column":4},"end":{"line":15,"column":21}},"2":{"start":{"line":16,"column":4},"end":{"line":16,"column":25}},"3":{"start":{"line":17,"column":4},"end":{"line":17,"column":23}},"4":{"start":{"line":18,"column":4},"end":{"line":18,"column":61}},"5":{"start":{"line":19,"column":4},"end":{"line":19,"column":61}},"6":{"start":{"line":23,"column":4},"end":{"line":23,"column":43}},"7":{"start":{"line":27,"column":22},"end":{"line":27,"column":73}},"8":{"start":{"line":28,"column":4},"end":{"line":28,"column":24}},"9":{"start":{"line":32,"column":4},"end":{"line":35,"column":74}},"10":{"start":{"line":33,"column":32},"end":{"line":34,"column":39}},"11":{"start":{"line":35,"column":37},"end":{"line":35,"column":72}},"12":{"start":{"line":40,"column":4},"end":{"line":42,"column":65}},"13":{"start":{"line":44,"column":4},"end":{"line":44,"column":57}},"14":{"start":{"line":49,"column":4},"end":{"line":51,"column":13}},"15":{"start":{"line":58,"column":4},"end":{"line":60,"column":5}},"16":{"start":{"line":59,"column":6},"end":{"line":59,"column":37}},"17":{"start":{"line":61,"column":4},"end":{"line":61,"column":24}},"18":{"start":{"line":65,"column":4},"end":{"line":66,"column":40}}},"fnMap":{"0":{"name":"(anonymous_0)","decl":{"start":{"line":6,"column":2},"end":{"line":6,"column":3}},"loc":{"start":{"line":13,"column":5},"end":{"line":20,"column":3}},"line":13},"1":{"name":"(anonymous_1)","decl":{"start":{"line":22,"column":2},"end":{"line":22,"column":3}},"loc":{"start":{"line":22,"column":31},"end":{"line":24,"column":3}},"line":22},"2":{"name":"(anonymous_2)","decl":{"start":{"line":26,"column":2},"end":{"line":26,"column":3}},"loc":{"start":{"line":26,"column":31},"end":{"line":29,"column":3}},"line":26},"3":{"name":"(anonymous_3)","decl":{"start":{"line":31,"column":2},"end":{"line":31,"column":3}},"loc":{"start":{"line":31,"column":16},"end":{"line":36,"column":3}},"line":31},"4":{"name":"(anonymous_4)","decl":{"start":{"line":33,"column":12},"end":{"line":33,"column":13}},"loc":{"start":{"line":33,"column":32},"end":{"line":34,"column":39}},"line":33},"5":{"name":"(anonymous_5)","decl":{"start":{"line":35,"column":12},"end":{"line":35,"column":13}},"loc":{"start":{"line":35,"column":37},"end":{"line":35,"column":72}},"line":35},"6":{"name":"(anonymous_6)","decl":{"start":{"line":38,"column":2},"end":{"line":38,"column":3}},"loc":{"start":{"line":38,"column":22},"end":{"line":45,"column":3}},"line":38},"7":{"name":"(anonymous_7)","decl":{"start":{"line":47,"column":2},"end":{"line":47,"column":3}},"loc":{"start":{"line":47,"column":27},"end":{"line":52,"column":3}},"line":47},"8":{"name":"(anonymous_8)","decl":{"start":{"line":54,"column":2},"end":{"line":54,"column":3}},"loc":{"start":{"line":54,"column":17},"end":{"line":62,"column":3}},"line":54},"9":{"name":"(anonymous_9)","decl":{"start":{"line":64,"column":2},"end":{"line":64,"column":3}},"loc":{"start":{"line":64,"column":48},"end":{"line":67,"column":3}},"line":64}},"branchMap":{"0":{"loc":{"start":{"line":14,"column":14},"end":{"line":14,"column":24}},"type":"binary-expr","locations":[{"start":{"line":14,"column":14},"end":{"line":14,"column":18}},{"start":{"line":14,"column":22},"end":{"line":14,"column":24}}],"line":14},"1":{"loc":{"start":{"line":18,"column":22},"end":{"line":18,"column":60}},"type":"binary-expr","locations":[{"start":{"line":18,"column":22},"end":{"line":18,"column":32}},{"start":{"line":18,"column":36},"end":{"line":18,"column":60}}],"line":18},"2":{"loc":{"start":{"line":19,"column":22},"end":{"line":19,"column":60}},"type":"binary-expr","locations":[{"start":{"line":19,"column":22},"end":{"line":19,"column":32}},{"start":{"line":19,"column":36},"end":{"line":19,"column":60}}],"line":19},"3":{"loc":{"start":{"line":58,"column":4},"end":{"line":60,"column":5}},"type":"if","locations":[{"start":{"line":58,"column":4},"end":{"line":60,"column":5}},{"start":{},"end":{}}],"line":58}},"s":{"0":1,"1":1,"2":1,"3":1,"4":1,"5":1,"6":0,"7":0,"8":0,"9":0,"10":0,"11":0,"12":0,"13":0,"14":0,"15":0,"16":0,"17":0,"18":0},"f":{"0":1,"1":0,"2":0,"3":0,"4":0,"5":0,"6":0,"7":0,"8":0,"9":0},"b":{"0":[1,1],"1":[1,1],"2":[1,1],"3":[0,0]},"_coverageSchema":"1a1c01bbd47fc00a2c39e90264f33305004495a9","hash":"3d06b1a081ba5eb32866a2804247b20295a3c5a9"}
}
