TN:
SF:src\db\dbconfig.js
FNF:0
FNH:0
DA:5,1
DA:6,1
DA:8,1
LF:3
LH:3
BRF:0
BRH:0
end_of_record
TN:
SF:src\models\editora.js
FN:6,(anonymous_0)
FN:22,(anonymous_1)
FN:26,(anonymous_2)
FN:31,(anonymous_3)
FN:33,(anonymous_4)
FN:35,(anonymous_5)
FN:38,(anonymous_6)
FN:47,(anonymous_7)
FN:54,(anonymous_8)
FN:64,(anonymous_9)
FNF:10
FNH:1
FNDA:1,(anonymous_0)
FNDA:0,(anonymous_1)
FNDA:0,(anonymous_2)
FNDA:0,(anonymous_3)
FNDA:0,(anonymous_4)
FNDA:0,(anonymous_5)
FNDA:0,(anonymous_6)
FNDA:0,(anonymous_7)
FNDA:0,(anonymous_8)
FNDA:0,(anonymous_9)
DA:14,1
DA:15,1
DA:16,1
DA:17,1
DA:18,1
DA:19,1
DA:23,0
DA:27,0
DA:28,0
DA:32,0
DA:33,0
DA:35,0
DA:40,0
DA:44,0
DA:49,0
DA:58,0
DA:59,0
DA:61,0
DA:65,0
LF:19
LH:6
BRDA:14,0,0,1
BRDA:14,0,1,1
BRDA:18,1,0,1
BRDA:18,1,1,1
BRDA:19,2,0,1
BRDA:19,2,1,1
BRDA:58,3,0,0
BRDA:58,3,1,0
BRF:8
BRH:6
end_of_record
